2015-04-18 16:44:25,685 [9484] DEBUG IBatisNet.DataMapper.Configuration.Statements.PreparedStatementFactory [(null)] - Statement Id: [ROLE.Insert] Prepared SQL: [INSERT into Role(ROLEID,DESCRIPE)     VALUES( @param0 , @param1 )]
2015-04-18 16:44:25,697 [9484] DEBUG IBatisNet.DataMapper.Configuration.Statements.PreparedStatementFactory [(null)] - Statement Id: [ROLE.Update] Prepared SQL: [Update Role SET ROLEID= @param0 ,     DESCRIPE= @param1]
2015-04-18 16:44:25,697 [9484] DEBUG IBatisNet.DataMapper.Configuration.Statements.PreparedStatementFactory [(null)] - Statement Id: [ROLE.DeleteById] Prepared SQL: [Delete From Role Where ROLEID= @param0]
2015-04-18 16:44:25,697 [9484] DEBUG IBatisNet.Common.Utilities.ConfigWatcherHandler [(null)] - Adding file [USER.xml] to list of watched files.
2015-04-18 16:44:25,698 [9484] DEBUG IBatisNet.DataMapper.Configuration.Statements.PreparedStatementFactory [(null)] - Statement Id: [USER.SelectAll] Prepared SQL: [SELECT ID,USERNAME,PASSWORD,ROLETYPE,UNIT FROM USER]
2015-04-18 16:44:25,698 [9484] DEBUG IBatisNet.DataMapper.Configuration.Statements.PreparedStatementFactory [(null)] - Statement Id: [USER.SelectByID] Prepared SQL: [SELECT ID,USERNAME,PASSWORD,ROLETYPE,UNIT FROM USER where USERNAME =  @param0]
2015-04-18 16:44:25,699 [9484] DEBUG IBatisNet.DataMapper.Configuration.Statements.PreparedStatementFactory [(null)] - Statement Id: [USER.Insert] Prepared SQL: [INSERT into USER(ID,PASSWORD,USERNAME,ROLETYPE,UNIT)     VALUES( @param0 , @param1 ,  @param2  ,  @param3  ,  @param4 )]
2015-04-18 16:44:25,699 [9484] DEBUG IBatisNet.DataMapper.Configuration.Statements.PreparedStatementFactory [(null)] - Statement Id: [USER.Update] Prepared SQL: [Update USER SET USERNAME= @param0 ,     PASSWORD= @param1 ,        ROLETYPE= @param2 ,     UNIT= @param3      Where ID= @param4]
2015-04-18 16:44:25,699 [9484] DEBUG IBatisNet.DataMapper.Configuration.Statements.PreparedStatementFactory [(null)] - Statement Id: [USER.DeleteById] Prepared SQL: [Delete From USER Where ID= @param0]
2015-04-18 16:44:25,706 [9484] DEBUG IBatisNet.DataMapper.Commands.DefaultPreparedCommand [(null)] - Statement Id: [USER.SelectByID] PreparedStatement : [SELECT ID,USERNAME,PASSWORD,ROLETYPE,UNIT FROM USER where USERNAME =  @param0]
2015-04-18 16:44:25,709 [9484] DEBUG IBatisNet.DataMapper.Commands.DefaultPreparedCommand [(null)] - Statement Id: [USER.SelectByID] Parameters: [@param0=[value,user1]]
2015-04-18 16:44:25,709 [9484] DEBUG IBatisNet.DataMapper.Commands.DefaultPreparedCommand [(null)] - Statement Id: [USER.SelectByID] Types: [@param0=[String, System.String]]
2015-04-18 16:44:25,734 [9484] DEBUG IBatisNet.DataMapper.SqlMapSession [(null)] - Open Connection "35900553" to "SQLite, SQLite.NET provider V1.0.81.0".
2015-04-18 16:44:25,748 [9484] DEBUG IBatisNet.DataMapper.SqlMapSession [(null)] - Close Connection "35900553" to "SQLite, SQLite.NET provider V1.0.81.0".
2015-04-18 16:44:28,313 [9484] DEBUG IBatisNet.DataMapper.Configuration.Statements.PreparedStatementFactory [(null)] - Statement Id: [PRODUCT.query_list] Prepared SQL: [select           ID,NAME,UNIT,DEPARTMENT,INSTRUMENT,CONTACTS,PHONE,STARTTIME               from PRODUCT]
2015-04-18 16:44:28,313 [9484] DEBUG IBatisNet.DataMapper.Commands.DefaultPreparedCommand [(null)] - Statement Id: [PRODUCT.query_list] PreparedStatement : [select           ID,NAME,UNIT,DEPARTMENT,INSTRUMENT,CONTACTS,PHONE,STARTTIME               from PRODUCT]
2015-04-18 16:44:28,316 [9484] DEBUG IBatisNet.DataMapper.SqlMapSession [(null)] - Open Connection "17961330" to "SQLite, SQLite.NET provider V1.0.81.0".
2015-04-18 16:44:28,318 [9484] DEBUG IBatisNet.DataMapper.SqlMapSession [(null)] - Close Connection "17961330" to "SQLite, SQLite.NET provider V1.0.81.0".
2015-04-18 16:45:06,192 [9484] DEBUG IBatisNet.DataMapper.Configuration.Statements.PreparedStatementFactory [(null)] - Statement Id: [PRODUCT.query_list] Prepared SQL: [select           ID,NAME,UNIT,DEPARTMENT,INSTRUMENT,CONTACTS,PHONE,STARTTIME               from PRODUCT]
2015-04-18 16:45:06,192 [9484] DEBUG IBatisNet.DataMapper.Commands.DefaultPreparedCommand [(null)] - Statement Id: [PRODUCT.query_list] PreparedStatement : [select           ID,NAME,UNIT,DEPARTMENT,INSTRUMENT,CONTACTS,PHONE,STARTTIME               from PRODUCT]
2015-04-18 16:45:06,193 [9484] DEBUG IBatisNet.DataMapper.SqlMapSession [(null)] - Open Connection "61116530" to "SQLite, SQLite.NET provider V1.0.81.0".
2015-04-18 16:45:06,194 [9484] DEBUG IBatisNet.DataMapper.SqlMapSession [(null)] - Close Connection "61116530" to "SQLite, SQLite.NET provider V1.0.81.0".
2015-04-18 16:47:00,269 [7824] DEBUG IBatisNet.Common.Utilities.ConfigWatcherHandler [(null)] - Adding file [SqlMap.config] to list of watched files.
2015-04-18 16:47:00,386 [7824] DEBUG IBatisNet.Common.Utilities.ConfigWatcherHandler [(null)] - Adding file [PRODUCT.xml] to list of watched files.
2015-04-18 16:47:00,411 [7824] DEBUG IBatisNet.DataMapper.Configuration.Statements.PreparedStatementFactory [(null)] - Statement Id: [PRODUCT.SelectAll] Prepared SQL: [SELECT ID,NAME,UNIT,DEPARTMENT,INSTRUMENT,CONTACTS,PHONE,STARTTIME FROM Product]
2015-04-18 16:47:00,419 [7824] DEBUG IBatisNet.DataMapper.Configuration.Statements.PreparedStatementFactory [(null)] - Statement Id: [PRODUCT.SelectByID] Prepared SQL: [SELECT ID,NAME,UNIT,DEPARTMENT,INSTRUMENT,CONTACTS,PHONE,STARTTIME FROM Product where ID =  @param0]
2015-04-18 16:47:00,423 [7824] DEBUG IBatisNet.DataMapper.Configuration.Statements.PreparedStatementFactory [(null)] - Statement Id: [PRODUCT.Insert] Prepared SQL: [INSERT into Product(ID,UNIT,NAME,DEPARTMENT,INSTRUMENT,CONTACTS,PHONE,STARTTIME)     VALUES( @param0 , @param1 ,  @param2  ,  @param3  , @param4  , @param5  , @param6  ,  @param7 )]
2015-04-18 16:47:00,424 [7824] DEBUG IBatisNet.DataMapper.Configuration.Statements.PreparedStatementFactory [(null)] - Statement Id: [PRODUCT.Update] Prepared SQL: [Update Product      SET      NAME= @param0 ,     UNIT= @param1 ,        DEPARTMENT= @param2 ,     INSTRUMENT= @param3 ,     CONTACTS= @param4 ,     PHONE= @param5 ,     STARTTIME= @param6      Where ID= @param7]
2015-04-18 16:47:00,424 [7824] DEBUG IBatisNet.DataMapper.Configuration.Statements.PreparedStatementFactory [(null)] - Statement Id: [PRODUCT.DeleteById] Prepared SQL: [Delete From Product Where ID= @param0]
2015-04-18 16:47:00,425 [7824] DEBUG IBatisNet.Common.Utilities.ConfigWatcherHandler [(null)] - Adding file [ROLE.xml] to list of watched files.
2015-04-18 16:47:00,425 [7824] DEBUG IBatisNet.DataMapper.Configuration.Statements.PreparedStatementFactory [(null)] - Statement Id: [ROLE.SelectAll] Prepared SQL: [SELECT ROLEID,DESCRIPE FROM Role]
2015-04-18 16:47:00,425 [7824] DEBUG IBatisNet.DataMapper.Configuration.Statements.PreparedStatementFactory [(null)] - Statement Id: [ROLE.SelectByID] Prepared SQL: [SELECT ROLEID,DESCRIPE FROM Role where ROLEID =  @param0]
2015-04-18 16:47:00,425 [7824] DEBUG IBatisNet.DataMapper.Configuration.Statements.PreparedStatementFactory [(null)] - Statement Id: [ROLE.Insert] Prepared SQL: [INSERT into Role(ROLEID,DESCRIPE)     VALUES( @param0 , @param1 )]
2015-04-18 16:47:00,426 [7824] DEBUG IBatisNet.DataMapper.Configuration.Statements.PreparedStatementFactory [(null)] - Statement Id: [ROLE.Update] Prepared SQL: [Update Role SET ROLEID= @param0 ,     DESCRIPE= @param1]
2015-04-18 16:47:00,426 [7824] DEBUG IBatisNet.DataMapper.Configuration.Statements.PreparedStatementFactory [(null)] - Statement Id: [ROLE.DeleteById] Prepared SQL: [Delete From Role Where ROLEID= @param0]
2015-04-18 16:47:00,426 [7824] DEBUG IBatisNet.Common.Utilities.ConfigWatcherHandler [(null)] - Adding file [USER.xml] to list of watched files.
2015-04-18 16:47:00,426 [7824] DEBUG IBatisNet.DataMapper.Configuration.Statements.PreparedStatementFactory [(null)] - Statement Id: [USER.SelectAll] Prepared SQL: [SELECT ID,USERNAME,PASSWORD,ROLETYPE,UNIT FROM USER]
2015-04-18 16:47:00,426 [7824] DEBUG IBatisNet.DataMapper.Configuration.Statements.PreparedStatementFactory [(null)] - Statement Id: [USER.SelectByID] Prepared SQL: [SELECT ID,USERNAME,PASSWORD,ROLETYPE,UNIT FROM USER where USERNAME =  @param0]
2015-04-18 16:47:00,427 [7824] DEBUG IBatisNet.DataMapper.Configuration.Statements.PreparedStatementFactory [(null)] - Statement Id: [USER.Insert] Prepared SQL: [INSERT into USER(ID,PASSWORD,USERNAME,ROLETYPE,UNIT)     VALUES( @param0 , @param1 ,  @param2  ,  @param3  ,  @param4 )]
2015-04-18 16:47:00,427 [7824] DEBUG IBatisNet.DataMapper.Configuration.Statements.PreparedStatementFactory [(null)] - Statement Id: [USER.Update] Prepared SQL: [Update USER SET USERNAME= @param0 ,     PASSWORD= @param1 ,        ROLETYPE= @param2 ,     UNIT= @param3      Where ID= @param4]
2015-04-18 16:47:00,427 [7824] DEBUG IBatisNet.DataMapper.Configuration.Statements.PreparedStatementFactory [(null)] - Statement Id: [USER.DeleteById] Prepared SQL: [Delete From USER Where ID= @param0]
2015-04-18 16:47:00,433 [7824] DEBUG IBatisNet.DataMapper.Commands.DefaultPreparedCommand [(null)] - Statement Id: [USER.SelectByID] PreparedStatement : [SELECT ID,USERNAME,PASSWORD,ROLETYPE,UNIT FROM USER where USERNAME =  @param0]
2015-04-18 16:47:00,436 [7824] DEBUG IBatisNet.DataMapper.Commands.DefaultPreparedCommand [(null)] - Statement Id: [USER.SelectByID] Parameters: [@param0=[value,user1]]
2015-04-18 16:47:00,436 [7824] DEBUG IBatisNet.DataMapper.Commands.DefaultPreparedCommand [(null)] - Statement Id: [USER.SelectByID] Types: [@param0=[String, System.String]]
2015-04-18 16:47:00,461 [7824] DEBUG IBatisNet.DataMapper.SqlMapSession [(null)] - Open Connection "12883955" to "SQLite, SQLite.NET provider V1.0.81.0".
2015-04-18 16:47:00,476 [7824] DEBUG IBatisNet.DataMapper.SqlMapSession [(null)] - Close Connection "12883955" to "SQLite, SQLite.NET provider V1.0.81.0".
2015-04-18 16:47:53,716 [7824] DEBUG IBatisNet.DataMapper.Configuration.Statements.PreparedStatementFactory [(null)] - Statement Id: [PRODUCT.query_list] Prepared SQL: [select           ID,NAME,UNIT,DEPARTMENT,INSTRUMENT,CONTACTS,PHONE,STARTTIME               from PRODUCT]
2015-04-18 16:47:53,716 [7824] DEBUG IBatisNet.DataMapper.Commands.DefaultPreparedCommand [(null)] - Statement Id: [PRODUCT.query_list] PreparedStatement : [select           ID,NAME,UNIT,DEPARTMENT,INSTRUMENT,CONTACTS,PHONE,STARTTIME               from PRODUCT]
2015-04-18 16:47:53,719 [7824] DEBUG IBatisNet.DataMapper.SqlMapSession [(null)] - Open Connection "44395721" to "SQLite, SQLite.NET provider V1.0.81.0".
2015-04-18 16:47:53,723 [7824] DEBUG IBatisNet.DataMapper.SqlMapSession [(null)] - Close Connection "44395721" to "SQLite, SQLite.NET provider V1.0.81.0".
2015-04-18 16:50:45,329 [11864] DEBUG IBatisNet.Common.Utilities.ConfigWatcherHandler [(null)] - Adding file [SqlMap.config] to list of watched files.
2015-04-18 16:50:45,452 [11864] DEBUG IBatisNet.Common.Utilities.ConfigWatcherHandler [(null)] - Adding file [PRODUCT.xml] to list of watched files.
2015-04-18 16:50:45,479 [11864] DEBUG IBatisNet.DataMapper.Configuration.Statements.PreparedStatementFactory [(null)] - Statement Id: [PRODUCT.SelectAll] Prepared SQL: [SELECT ID,NAME,UNIT,DEPARTMENT,INSTRUMENT,CONTACTS,PHONE,STARTTIME FROM Product]
2015-04-18 16:50:45,493 [11864] DEBUG IBatisNet.DataMapper.Configuration.Statements.PreparedStatementFactory [(null)] - Statement Id: [PRODUCT.SelectByID] Prepared SQL: [SELECT ID,NAME,UNIT,DEPARTMENT,INSTRUMENT,CONTACTS,PHONE,STARTTIME FROM Product where ID =  @param0]
2015-04-18 16:50:45,499 [11864] DEBUG IBatisNet.DataMapper.Configuration.Statements.PreparedStatementFactory [(null)] - Statement Id: [PRODUCT.Insert] Prepared SQL: [INSERT into Product(ID,UNIT,NAME,DEPARTMENT,INSTRUMENT,CONTACTS,PHONE,STARTTIME)     VALUES( @param0 , @param1 ,  @param2  ,  @param3  , @param4  , @param5  , @param6  ,  @param7 )]
2015-04-18 16:50:45,500 [11864] DEBUG IBatisNet.DataMapper.Configuration.Statements.PreparedStatementFactory [(null)] - Statement Id: [PRODUCT.Update] Prepared SQL: [Update Product      SET      NAME= @param0 ,     UNIT= @param1 ,        DEPARTMENT= @param2 ,     INSTRUMENT= @param3 ,     CONTACTS= @param4 ,     PHONE= @param5 ,     STARTTIME= @param6      Where ID= @param7]
2015-04-18 16:50:45,500 [11864] DEBUG IBatisNet.DataMapper.Configuration.Statements.PreparedStatementFactory [(null)] - Statement Id: [PRODUCT.DeleteById] Prepared SQL: [Delete From Product Where ID= @param0]
2015-04-18 16:50:45,500 [11864] DEBUG IBatisNet.Common.Utilities.ConfigWatcherHandler [(null)] - Adding file [ROLE.xml] to list of watched files.
2015-04-18 16:50:45,501 [11864] DEBUG IBatisNet.DataMapper.Configuration.Statements.PreparedStatementFactory [(null)] - Statement Id: [ROLE.SelectAll] Prepared SQL: [SELECT ROLEID,DESCRIPE FROM Role]
2015-04-18 16:50:45,501 [11864] DEBUG IBatisNet.DataMapper.Configuration.Statements.PreparedStatementFactory [(null)] - Statement Id: [ROLE.SelectByID] Prepared SQL: [SELECT ROLEID,DESCRIPE FROM Role where ROLEID =  @param0]
2015-04-18 16:50:45,501 [11864] DEBUG IBatisNet.DataMapper.Configuration.Statements.PreparedStatementFactory [(null)] - Statement Id: [ROLE.Insert] Prepared SQL: [INSERT into Role(ROLEID,DESCRIPE)     VALUES( @param0 , @param1 )]
2015-04-18 16:50:45,501 [11864] DEBUG IBatisNet.DataMapper.Configuration.Statements.PreparedStatementFactory [(null)] - Statement Id: [ROLE.Update] Prepared SQL: [Update Role SET ROLEID= @param0 ,     DESCRIPE= @param1]
2015-04-18 16:50:45,501 [11864] DEBUG IBatisNet.DataMapper.Configuration.Statements.PreparedStatementFactory [(null)] - Statement Id: [ROLE.DeleteById] Prepared SQL: [Delete From Role Where ROLEID= @param0]
2015-04-18 16:50:45,502 [11864] DEBUG IBatisNet.Common.Utilities.ConfigWatcherHandler [(null)] - Adding file [USER.xml] to list of watched files.
2015-04-18 16:50:45,502 [11864] DEBUG IBatisNet.DataMapper.Configuration.Statements.PreparedStatementFactory [(null)] - Statement Id: [USER.SelectAll] Prepared SQL: [SELECT ID,USERNAME,PASSWORD,ROLETYPE,UNIT FROM USER]
2015-04-18 16:50:45,502 [11864] DEBUG IBatisNet.DataMapper.Configuration.Statements.PreparedStatementFactory [(null)] - Statement Id: [USER.SelectByID] Prepared SQL: [SELECT ID,USERNAME,PASSWORD,ROLETYPE,UNIT FROM USER where USERNAME =  @param0]
2015-04-18 16:50:45,503 [11864] DEBUG IBatisNet.DataMapper.Configuration.Statements.PreparedStatementFactory [(null)] - Statement Id: [USER.Insert] Prepared SQL: [INSERT into USER(ID,PASSWORD,USERNAME,ROLETYPE,UNIT)     VALUES( @param0 , @param1 ,  @param2  ,  @param3  ,  @param4 )]
2015-04-18 16:50:45,503 [11864] DEBUG IBatisNet.DataMapper.Configuration.Statements.PreparedStatementFactory [(null)] - Statement Id: [USER.Update] Prepared SQL: [Update USER SET USERNAME= @param0 ,     PASSWORD= @param1 ,        ROLETYPE= @param2 ,     UNIT= @param3      Where ID= @param4]
2015-04-18 16:50:45,503 [11864] DEBUG IBatisNet.DataMapper.Configuration.Statements.PreparedStatementFactory [(null)] - Statement Id: [USER.DeleteById] Prepared SQL: [Delete From USER Where ID= @param0]
2015-04-18 16:50:45,509 [11864] DEBUG IBatisNet.DataMapper.Commands.DefaultPreparedCommand [(null)] - Statement Id: [USER.SelectByID] PreparedStatement : [SELECT ID,USERNAME,PASSWORD,ROLETYPE,UNIT FROM USER where USERNAME =  @param0]
2015-04-18 16:50:45,512 [11864] DEBUG IBatisNet.DataMapper.Commands.DefaultPreparedCommand [(null)] - Statement Id: [USER.SelectByID] Parameters: [@param0=[value,user1]]
2015-04-18 16:50:45,512 [11864] DEBUG IBatisNet.DataMapper.Commands.DefaultPreparedCommand [(null)] - Statement Id: [USER.SelectByID] Types: [@param0=[String, System.String]]
2015-04-18 16:50:45,538 [11864] DEBUG IBatisNet.DataMapper.SqlMapSession [(null)] - Open Connection "35900553" to "SQLite, SQLite.NET provider V1.0.81.0".
2015-04-18 16:50:45,554 [11864] DEBUG IBatisNet.DataMapper.SqlMapSession [(null)] - Close Connection "35900553" to "SQLite, SQLite.NET provider V1.0.81.0".
2015-04-18 16:50:49,985 [11864] DEBUG IBatisNet.DataMapper.Configuration.Statements.PreparedStatementFactory [(null)] - Statement Id: [PRODUCT.query_list] Prepared SQL: [select           ID,NAME,UNIT,DEPARTMENT,INSTRUMENT,CONTACTS,PHONE,STARTTIME               from PRODUCT]
2015-04-18 16:50:49,985 [11864] DEBUG IBatisNet.DataMapper.Commands.DefaultPreparedCommand [(null)] - Statement Id: [PRODUCT.query_list] PreparedStatement : [select           ID,NAME,UNIT,DEPARTMENT,INSTRUMENT,CONTACTS,PHONE,STARTTIME               from PRODUCT]
2015-04-18 16:50:49,992 [11864] DEBUG IBatisNet.DataMapper.SqlMapSession [(null)] - Open Connection "17961330" to "SQLite, SQLite.NET provider V1.0.81.0".
2015-04-18 16:50:49,995 [11864] DEBUG IBatisNet.DataMapper.SqlMapSession [(null)] - Close Connection "17961330" to "SQLite, SQLite.NET provider V1.0.81.0".
2015-04-18 17:01:24,531 [824] DEBUG IBatisNet.Common.Utilities.ConfigWatcherHandler [(null)] - Adding file [SqlMap.config] to list of watched files.
2015-04-18 17:01:24,662 [824] DEBUG IBatisNet.Common.Utilities.ConfigWatcherHandler [(null)] - Adding file [PRODUCT.xml] to list of watched files.
2015-04-18 17:01:24,694 [824] DEBUG IBatisNet.DataMapper.Configuration.Statements.PreparedStatementFactory [(null)] - Statement Id: [PRODUCT.SelectAll] Prepared SQL: [SELECT ID,NAME,UNIT,DEPARTMENT,INSTRUMENT,CONTACTS,PHONE,STARTTIME FROM Product]
2015-04-18 17:01:24,703 [824] DEBUG IBatisNet.DataMapper.Configuration.Statements.PreparedStatementFactory [(null)] - Statement Id: [PRODUCT.SelectByID] Prepared SQL: [SELECT ID,NAME,UNIT,DEPARTMENT,INSTRUMENT,CONTACTS,PHONE,STARTTIME FROM Product where ID =  @param0]
2015-04-18 17:01:24,708 [824] DEBUG IBatisNet.DataMapper.Configuration.Statements.PreparedStatementFactory [(null)] - Statement Id: [PRODUCT.Insert] Prepared SQL: [INSERT into Product(ID,UNIT,NAME,DEPARTMENT,INSTRUMENT,CONTACTS,PHONE,STARTTIME)     VALUES( @param0 , @param1 ,  @param2  ,  @param3  , @param4  , @param5  , @param6  ,  @param7 )]
2015-04-18 17:01:24,709 [824] DEBUG IBatisNet.DataMapper.Configuration.Statements.PreparedStatementFactory [(null)] - Statement Id: [PRODUCT.Update] Prepared SQL: [Update Product      SET      NAME= @param0 ,     UNIT= @param1 ,        DEPARTMENT= @param2 ,     INSTRUMENT= @param3 ,     CONTACTS= @param4 ,     PHONE= @param5 ,     STARTTIME= @param6      Where ID= @param7]
2015-04-18 17:01:24,710 [824] DEBUG IBatisNet.DataMapper.Configuration.Statements.PreparedStatementFactory [(null)] - Statement Id: [PRODUCT.DeleteById] Prepared SQL: [Delete From Product Where ID= @param0]
2015-04-18 17:01:24,710 [824] DEBUG IBatisNet.Common.Utilities.ConfigWatcherHandler [(null)] - Adding file [ROLE.xml] to list of watched files.
2015-04-18 17:01:24,711 [824] DEBUG IBatisNet.DataMapper.Configuration.Statements.PreparedStatementFactory [(null)] - Statement Id: [ROLE.SelectAll] Prepared SQL: [SELECT ROLEID,DESCRIPE FROM Role]
2015-04-18 17:01:24,711 [824] DEBUG IBatisNet.DataMapper.Configuration.Statements.PreparedStatementFactory [(null)] - Statement Id: [ROLE.SelectByID] Prepared SQL: [SELECT ROLEID,DESCRIPE FROM Role where ROLEID =  @param0]
2015-04-18 17:01:24,711 [824] DEBUG IBatisNet.DataMapper.Configuration.Statements.PreparedStatementFactory [(null)] - Statement Id: [ROLE.Insert] Prepared SQL: [INSERT into Role(ROLEID,DESCRIPE)     VALUES( @param0 , @param1 )]
2015-04-18 17:01:24,711 [824] DEBUG IBatisNet.DataMapper.Configuration.Statements.PreparedStatementFactory [(null)] - Statement Id: [ROLE.Update] Prepared SQL: [Update Role SET ROLEID= @param0 ,     DESCRIPE= @param1]
2015-04-18 17:01:24,711 [824] DEBUG IBatisNet.DataMapper.Configuration.Statements.PreparedStatementFactory [(null)] - Statement Id: [ROLE.DeleteById] Prepared SQL: [Delete From Role Where ROLEID= @param0]
2015-04-18 17:01:24,712 [824] DEBUG IBatisNet.Common.Utilities.ConfigWatcherHandler [(null)] - Adding file [USER.xml] to list of watched files.
2015-04-18 17:01:24,712 [824] DEBUG IBatisNet.DataMapper.Configuration.Statements.PreparedStatementFactory [(null)] - Statement Id: [USER.SelectAll] Prepared SQL: [SELECT ID,USERNAME,PASSWORD,ROLETYPE,UNIT FROM USER]
2015-04-18 17:01:24,713 [824] DEBUG IBatisNet.DataMapper.Configuration.Statements.PreparedStatementFactory [(null)] - Statement Id: [USER.SelectByID] Prepared SQL: [SELECT ID,USERNAME,PASSWORD,ROLETYPE,UNIT FROM USER where USERNAME =  @param0]
2015-04-18 17:01:24,713 [824] DEBUG IBatisNet.DataMapper.Configuration.Statements.PreparedStatementFactory [(null)] - Statement Id: [USER.Insert] Prepared SQL: [INSERT into USER(ID,PASSWORD,USERNAME,ROLETYPE,UNIT)     VALUES( @param0 , @param1 ,  @param2  ,  @param3  ,  @param4 )]
2015-04-18 17:01:24,713 [824] DEBUG IBatisNet.DataMapper.Configuration.Statements.PreparedStatementFactory [(null)] - Statement Id: [USER.Update] Prepared SQL: [Update USER SET USERNAME= @param0 ,     PASSWORD= @param1 ,        ROLETYPE= @param2 ,     UNIT= @param3      Where ID= @param4]
2015-04-18 17:01:24,713 [824] DEBUG IBatisNet.DataMapper.Configuration.Statements.PreparedStatementFactory [(null)] - Statement Id: [USER.DeleteById] Prepared SQL: [Delete From USER Where ID= @param0]
2015-04-18 17:01:24,720 [824] DEBUG IBatisNet.DataMapper.Commands.DefaultPreparedCommand [(null)] - Statement Id: [USER.SelectByID] PreparedStatement : [SELECT ID,USERNAME,PASSWORD,ROLETYPE,UNIT FROM USER where USERNAME =  @param0]
2015-04-18 17:01:24,723 [824] DEBUG IBatisNet.DataMapper.Commands.DefaultPreparedCommand [(null)] - Statement Id: [USER.SelectByID] Parameters: [@param0=[value,admin]]
2015-04-18 17:01:24,723 [824] DEBUG IBatisNet.DataMapper.Commands.DefaultPreparedCommand [(null)] - Statement Id: [USER.SelectByID] Types: [@param0=[String, System.String]]
2015-04-18 17:01:24,749 [824] DEBUG IBatisNet.DataMapper.SqlMapSession [(null)] - Open Connection "25690090" to "SQLite, SQLite.NET provider V1.0.81.0".
2015-04-18 17:01:24,766 [824] DEBUG IBatisNet.DataMapper.SqlMapSession [(null)] - Close Connection "25690090" to "SQLite, SQLite.NET provider V1.0.81.0".
2015-04-18 17:01:24,788 [824] DEBUG IBatisNet.DataMapper.Configuration.Statements.PreparedStatementFactory [(null)] - Statement Id: [PRODUCT.query_list] Prepared SQL: [select           ID,NAME,UNIT,DEPARTMENT,INSTRUMENT,CONTACTS,PHONE,STARTTIME               from PRODUCT]
2015-04-18 17:01:24,788 [824] DEBUG IBatisNet.DataMapper.Commands.DefaultPreparedCommand [(null)] - Statement Id: [PRODUCT.query_list] PreparedStatement : [select           ID,NAME,UNIT,DEPARTMENT,INSTRUMENT,CONTACTS,PHONE,STARTTIME               from PRODUCT]
2015-04-18 17:01:24,791 [824] DEBUG IBatisNet.DataMapper.SqlMapSession [(null)] - Open Connection "13063473" to "SQLite, SQLite.NET provider V1.0.81.0".
2015-04-18 17:01:24,794 [824] DEBUG IBatisNet.DataMapper.SqlMapSession [(null)] - Close Connection "13063473" to "SQLite, SQLite.NET provider V1.0.81.0".
2015-04-18 17:02:43,278 [8436] DEBUG IBatisNet.Common.Utilities.ConfigWatcherHandler [(null)] - Adding file [SqlMap.config] to list of watched files.
2015-04-18 17:02:43,429 [8436] DEBUG IBatisNet.Common.Utilities.ConfigWatcherHandler [(null)] - Adding file [PRODUCT.xml] to list of watched files.
2015-04-18 17:02:43,458 [8436] DEBUG IBatisNet.DataMapper.Configuration.Statements.PreparedStatementFactory [(null)] - Statement Id: [PRODUCT.SelectAll] Prepared SQL: [SELECT ID,NAME,UNIT,DEPARTMENT,INSTRUMENT,CONTACTS,PHONE,STARTTIME FROM Product]
2015-04-18 17:02:43,467 [8436] DEBUG IBatisNet.DataMapper.Configuration.Statements.PreparedStatementFactory [(null)] - Statement Id: [PRODUCT.SelectByID] Prepared SQL: [SELECT ID,NAME,UNIT,DEPARTMENT,INSTRUMENT,CONTACTS,PHONE,STARTTIME FROM Product where ID =  @param0]
2015-04-18 17:02:43,471 [8436] DEBUG IBatisNet.DataMapper.Configuration.Statements.PreparedStatementFactory [(null)] - Statement Id: [PRODUCT.Insert] Prepared SQL: [INSERT into Product(ID,UNIT,NAME,DEPARTMENT,INSTRUMENT,CONTACTS,PHONE,STARTTIME)     VALUES( @param0 , @param1 ,  @param2  ,  @param3  , @param4  , @param5  , @param6  ,  @param7 )]
2015-04-18 17:02:43,472 [8436] DEBUG IBatisNet.DataMapper.Configuration.Statements.PreparedStatementFactory [(null)] - Statement Id: [PRODUCT.Update] Prepared SQL: [Update Product      SET      NAME= @param0 ,     UNIT= @param1 ,        DEPARTMENT= @param2 ,     INSTRUMENT= @param3 ,     CONTACTS= @param4 ,     PHONE= @param5 ,     STARTTIME= @param6      Where ID= @param7]
2015-04-18 17:02:43,473 [8436] DEBUG IBatisNet.DataMapper.Configuration.Statements.PreparedStatementFactory [(null)] - Statement Id: [PRODUCT.DeleteById] Prepared SQL: [Delete From Product Where ID= @param0]
2015-04-18 17:02:43,473 [8436] DEBUG IBatisNet.Common.Utilities.ConfigWatcherHandler [(null)] - Adding file [ROLE.xml] to list of watched files.
2015-04-18 17:02:43,473 [8436] DEBUG IBatisNet.DataMapper.Configuration.Statements.PreparedStatementFactory [(null)] - Statement Id: [ROLE.SelectAll] Prepared SQL: [SELECT ROLEID,DESCRIPE FROM Role]
2015-04-18 17:02:43,474 [8436] DEBUG IBatisNet.DataMapper.Configuration.Statements.PreparedStatementFactory [(null)] - Statement Id: [ROLE.SelectByID] Prepared SQL: [SELECT ROLEID,DESCRIPE FROM Role where ROLEID =  @param0]
2015-04-18 17:02:43,474 [8436] DEBUG IBatisNet.DataMapper.Configuration.Statements.PreparedStatementFactory [(null)] - Statement Id: [ROLE.Insert] Prepared SQL: [INSERT into Role(ROLEID,DESCRIPE)     VALUES( @param0 , @param1 )]
2015-04-18 17:02:43,474 [8436] DEBUG IBatisNet.DataMapper.Configuration.Statements.PreparedStatementFactory [(null)] - Statement Id: [ROLE.Update] Prepared SQL: [Update Role SET ROLEID= @param0 ,     DESCRIPE= @param1]
2015-04-18 17:02:43,474 [8436] DEBUG IBatisNet.DataMapper.Configuration.Statements.PreparedStatementFactory [(null)] - Statement Id: [ROLE.DeleteById] Prepared SQL: [Delete From Role Where ROLEID= @param0]
2015-04-18 17:02:43,474 [8436] DEBUG IBatisNet.Common.Utilities.ConfigWatcherHandler [(null)] - Adding file [USER.xml] to list of watched files.
2015-04-18 17:02:43,475 [8436] DEBUG IBatisNet.DataMapper.Configuration.Statements.PreparedStatementFactory [(null)] - Statement Id: [USER.SelectAll] Prepared SQL: [SELECT ID,USERNAME,PASSWORD,ROLETYPE,UNIT FROM USER]
2015-04-18 17:02:43,475 [8436] DEBUG IBatisNet.DataMapper.Configuration.Statements.PreparedStatementFactory [(null)] - Statement Id: [USER.SelectByID] Prepared SQL: [SELECT ID,USERNAME,PASSWORD,ROLETYPE,UNIT FROM USER where USERNAME =  @param0]
2015-04-18 17:02:43,476 [8436] DEBUG IBatisNet.DataMapper.Configuration.Statements.PreparedStatementFactory [(null)] - Statement Id: [USER.Insert] Prepared SQL: [INSERT into USER(ID,PASSWORD,USERNAME,ROLETYPE,UNIT)     VALUES( @param0 , @param1 ,  @param2  ,  @param3  ,  @param4 )]
2015-04-18 17:02:43,476 [8436] DEBUG IBatisNet.DataMapper.Configuration.Statements.PreparedStatementFactory [(null)] - Statement Id: [USER.Update] Prepared SQL: [Update USER SET USERNAME= @param0 ,     PASSWORD= @param1 ,        ROLETYPE= @param2 ,     UNIT= @param3      Where ID= @param4]
2015-04-18 17:02:43,476 [8436] DEBUG IBatisNet.DataMapper.Configuration.Statements.PreparedStatementFactory [(null)] - Statement Id: [USER.DeleteById] Prepared SQL: [Delete From USER Where ID= @param0]
2015-04-18 17:02:43,484 [8436] DEBUG IBatisNet.DataMapper.Commands.DefaultPreparedCommand [(null)] - Statement Id: [USER.SelectByID] PreparedStatement : [SELECT ID,USERNAME,PASSWORD,ROLETYPE,UNIT FROM USER where USERNAME =  @param0]
2015-04-18 17:02:43,488 [8436] DEBUG IBatisNet.DataMapper.Commands.DefaultPreparedCommand [(null)] - Statement Id: [USER.SelectByID] Parameters: [@param0=[value,admin]]
2015-04-18 17:02:43,488 [8436] DEBUG IBatisNet.DataMapper.Commands.DefaultPreparedCommand [(null)] - Statement Id: [USER.SelectByID] Types: [@param0=[String, System.String]]
2015-04-18 17:02:43,518 [8436] DEBUG IBatisNet.DataMapper.SqlMapSession [(null)] - Open Connection "25690090" to "SQLite, SQLite.NET provider V1.0.81.0".
2015-04-18 17:02:43,536 [8436] DEBUG IBatisNet.DataMapper.SqlMapSession [(null)] - Close Connection "25690090" to "SQLite, SQLite.NET provider V1.0.81.0".
2015-04-18 17:02:43,559 [8436] DEBUG IBatisNet.DataMapper.Configuration.Statements.PreparedStatementFactory [(null)] - Statement Id: [PRODUCT.query_list] Prepared SQL: [select           ID,NAME,UNIT,DEPARTMENT,INSTRUMENT,CONTACTS,PHONE,STARTTIME               from PRODUCT]
2015-04-18 17:02:43,559 [8436] DEBUG IBatisNet.DataMapper.Commands.DefaultPreparedCommand [(null)] - Statement Id: [PRODUCT.query_list] PreparedStatement : [select           ID,NAME,UNIT,DEPARTMENT,INSTRUMENT,CONTACTS,PHONE,STARTTIME               from PRODUCT]
2015-04-18 17:02:43,562 [8436] DEBUG IBatisNet.DataMapper.SqlMapSession [(null)] - Open Connection "13063473" to "SQLite, SQLite.NET provider V1.0.81.0".
2015-04-18 17:02:43,564 [8436] DEBUG IBatisNet.DataMapper.SqlMapSession [(null)] - Close Connection "13063473" to "SQLite, SQLite.NET provider V1.0.81.0".
2015-04-18 17:03:06,252 [12656] DEBUG IBatisNet.Common.Utilities.ConfigWatcherHandler [(null)] - Adding file [SqlMap.config] to list of watched files.
2015-04-18 17:03:06,380 [12656] DEBUG IBatisNet.Common.Utilities.ConfigWatcherHandler [(null)] - Adding file [PRODUCT.xml] to list of watched files.
2015-04-18 17:03:06,418 [12656] DEBUG IBatisNet.DataMapper.Configuration.Statements.PreparedStatementFactory [(null)] - Statement Id: [PRODUCT.SelectAll] Prepared SQL: [SELECT ID,NAME,UNIT,DEPARTMENT,INSTRUMENT,CONTACTS,PHONE,STARTTIME FROM Product]
2015-04-18 17:03:06,427 [12656] DEBUG IBatisNet.DataMapper.Configuration.Statements.PreparedStatementFactory [(null)] - Statement Id: [PRODUCT.SelectByID] Prepared SQL: [SELECT ID,NAME,UNIT,DEPARTMENT,INSTRUMENT,CONTACTS,PHONE,STARTTIME FROM Product where ID =  @param0]
2015-04-18 17:03:06,434 [12656] DEBUG IBatisNet.DataMapper.Configuration.Statements.PreparedStatementFactory [(null)] - Statement Id: [PRODUCT.Insert] Prepared SQL: [INSERT into Product(ID,UNIT,NAME,DEPARTMENT,INSTRUMENT,CONTACTS,PHONE,STARTTIME)     VALUES( @param0 , @param1 ,  @param2  ,  @param3  , @param4  , @param5  , @param6  ,  @param7 )]
2015-04-18 17:03:06,434 [12656] DEBUG IBatisNet.DataMapper.Configuration.Statements.PreparedStatementFactory [(null)] - Statement Id: [PRODUCT.Update] Prepared SQL: [Update Product      SET      NAME= @param0 ,     UNIT= @param1 ,        DEPARTMENT= @param2 ,     INSTRUMENT= @param3 ,     CONTACTS= @param4 ,     PHONE= @param5 ,     STARTTIME= @param6      Where ID= @param7]
2015-04-18 17:03:06,435 [12656] DEBUG IBatisNet.DataMapper.Configuration.Statements.PreparedStatementFactory [(null)] - Statement Id: [PRODUCT.DeleteById] Prepared SQL: [Delete From Product Where ID= @param0]
2015-04-18 17:03:06,436 [12656] DEBUG IBatisNet.Common.Utilities.ConfigWatcherHandler [(null)] - Adding file [ROLE.xml] to list of watched files.
2015-04-18 17:03:06,436 [12656] DEBUG IBatisNet.DataMapper.Configuration.Statements.PreparedStatementFactory [(null)] - Statement Id: [ROLE.SelectAll] Prepared SQL: [SELECT ROLEID,DESCRIPE FROM Role]
2015-04-18 17:03:06,437 [12656] DEBUG IBatisNet.DataMapper.Configuration.Statements.PreparedStatementFactory [(null)] - Statement Id: [ROLE.SelectByID] Prepared SQL: [SELECT ROLEID,DESCRIPE FROM Role where ROLEID =  @param0]
2015-04-18 17:03:06,437 [12656] DEBUG IBatisNet.DataMapper.Configuration.Statements.PreparedStatementFactory [(null)] - Statement Id: [ROLE.Insert] Prepared SQL: [INSERT into Role(ROLEID,DESCRIPE)     VALUES( @param0 , @param1 )]
2015-04-18 17:03:06,437 [12656] DEBUG IBatisNet.DataMapper.Configuration.Statements.PreparedStatementFactory [(null)] - Statement Id: [ROLE.Update] Prepared SQL: [Update Role SET ROLEID= @param0 ,     DESCRIPE= @param1]
2015-04-18 17:03:06,437 [12656] DEBUG IBatisNet.DataMapper.Configuration.Statements.PreparedStatementFactory [(null)] - Statement Id: [ROLE.DeleteById] Prepared SQL: [Delete From Role Where ROLEID= @param0]
2015-04-18 17:03:06,437 [12656] DEBUG IBatisNet.Common.Utilities.ConfigWatcherHandler [(null)] - Adding file [USER.xml] to list of watched files.
2015-04-18 17:03:06,438 [12656] DEBUG IBatisNet.DataMapper.Configuration.Statements.PreparedStatementFactory [(null)] - Statement Id: [USER.SelectAll] Prepared SQL: [SELECT ID,USERNAME,PASSWORD,ROLETYPE,UNIT FROM USER]
2015-04-18 17:03:06,438 [12656] DEBUG IBatisNet.DataMapper.Configuration.Statements.PreparedStatementFactory [(null)] - Statement Id: [USER.SelectByID] Prepared SQL: [SELECT ID,USERNAME,PASSWORD,ROLETYPE,UNIT FROM USER where USERNAME =  @param0]
2015-04-18 17:03:06,439 [12656] DEBUG IBatisNet.DataMapper.Configuration.Statements.PreparedStatementFactory [(null)] - Statement Id: [USER.Insert] Prepared SQL: [INSERT into USER(ID,PASSWORD,USERNAME,ROLETYPE,UNIT)     VALUES( @param0 , @param1 ,  @param2  ,  @param3  ,  @param4 )]
2015-04-18 17:03:06,439 [12656] DEBUG IBatisNet.DataMapper.Configuration.Statements.PreparedStatementFactory [(null)] - Statement Id: [USER.Update] Prepared SQL: [Update USER SET USERNAME= @param0 ,     PASSWORD= @param1 ,        ROLETYPE= @param2 ,     UNIT= @param3      Where ID= @param4]
2015-04-18 17:03:06,439 [12656] DEBUG IBatisNet.DataMapper.Configuration.Statements.PreparedStatementFactory [(null)] - Statement Id: [USER.DeleteById] Prepared SQL: [Delete From USER Where ID= @param0]
2015-04-18 17:03:06,447 [12656] DEBUG IBatisNet.DataMapper.Commands.DefaultPreparedCommand [(null)] - Statement Id: [USER.SelectByID] PreparedStatement : [SELECT ID,USERNAME,PASSWORD,ROLETYPE,UNIT FROM USER where USERNAME =  @param0]
2015-04-18 17:03:06,450 [12656] DEBUG IBatisNet.DataMapper.Commands.DefaultPreparedCommand [(null)] - Statement Id: [USER.SelectByID] Parameters: [@param0=[value,user1]]
2015-04-18 17:03:06,450 [12656] DEBUG IBatisNet.DataMapper.Commands.DefaultPreparedCommand [(null)] - Statement Id: [USER.SelectByID] Types: [@param0=[String, System.String]]
2015-04-18 17:03:06,474 [12656] DEBUG IBatisNet.DataMapper.SqlMapSession [(null)] - Open Connection "25690090" to "SQLite, SQLite.NET provider V1.0.81.0".
2015-04-18 17:03:06,490 [12656] DEBUG IBatisNet.DataMapper.SqlMapSession [(null)] - Close Connection "25690090" to "SQLite, SQLite.NET provider V1.0.81.0".
2015-04-18 17:03:06,512 [12656] DEBUG IBatisNet.DataMapper.Configuration.Statements.PreparedStatementFactory [(null)] - Statement Id: [PRODUCT.query_list] Prepared SQL: [select           ID,NAME,UNIT,DEPARTMENT,INSTRUMENT,CONTACTS,PHONE,STARTTIME               from PRODUCT]
2015-04-18 17:03:06,512 [12656] DEBUG IBatisNet.DataMapper.Commands.DefaultPreparedCommand [(null)] - Statement Id: [PRODUCT.query_list] PreparedStatement : [select           ID,NAME,UNIT,DEPARTMENT,INSTRUMENT,CONTACTS,PHONE,STARTTIME               from PRODUCT]
2015-04-18 17:03:06,514 [12656] DEBUG IBatisNet.DataMapper.SqlMapSession [(null)] - Open Connection "13063473" to "SQLite, SQLite.NET provider V1.0.81.0".
2015-04-18 17:03:06,516 [12656] DEBUG IBatisNet.DataMapper.SqlMapSession [(null)] - Close Connection "13063473" to "SQLite, SQLite.NET provider V1.0.81.0".
